<?xml version="1.0" encoding="UTF-8"?>
<!-- Generated by org.testng.reporters.JUnitReportReporter -->
<testsuite hostname="Ayashas-MacBook-Air.local" failures="0" tests="1" name="MobileApplication.mobile.IoSMobileNativeApp" time="7.146" errors="0" timestamp="2024-07-25T21:55:21 IST" skipped="0">
  <testcase classname="MobileApplication.mobile.IoSMobileNativeApp" name="swipeNativeApp" time="7.146"/>
  <system-out/>
</testsuite> <!-- MobileApplication.mobile.IoSMobileNativeApp -->
