<?xml version="1.0" encoding="UTF-8"?>
<!-- Generated by org.testng.reporters.JUnitReportReporter -->
<testsuite hostname="Ayashas-MacBook-Air.local" failures="0" tests="1" name="MobileApplication.mobile.MobileBrowserTestcase" time="1.510" errors="0" timestamp="2024-07-14T17:13:22 IST" skipped="0">
  <testcase classname="MobileApplication.mobile.MobileBrowserTestcase" name="browser" time="1.510"/>
  <system-out/>
</testsuite> <!-- MobileApplication.mobile.MobileBrowserTestcase -->
