<?xml version="1.0" encoding="UTF-8"?>
<!-- Generated by org.testng.reporters.JUnitReportReporter -->
<testsuite hostname="Ayashas-MacBook-Air.local" failures="0" tests="1" name="MobileApplication.mobile.testcases" time="0.071" errors="0" timestamp="2024-07-08T22:37:37 IST" skipped="0">
  <testcase classname="MobileApplication.mobile.testcases" name="swipeToElement" time="0.071"/>
  <system-out/>
</testsuite> <!-- MobileApplication.mobile.testcases -->
