<?xml version="1.0" encoding="UTF-8"?>
<!-- Generated by org.testng.reporters.JUnitReportReporter -->
<testsuite hostname="Ayashas-MacBook-Air.local" failures="0" tests="1" name="MobileApplication.mobile.StoreTestcase" time="17.725" errors="0" timestamp="2024-07-10T22:59:45 IST" skipped="0">
  <testcase classname="MobileApplication.mobile.StoreTestcase" name="fillForm" time="17.725"/>
  <system-out/>
</testsuite> <!-- MobileApplication.mobile.StoreTestcase -->
