<?xml version="1.0" encoding="UTF-8"?>
<!-- Generated by org.testng.reporters.JUnitReportReporter -->
<testsuite hostname="Ayashas-MacBook-Air.local" failures="0" tests="1" name="MobileApplication.mobile.IoSMobileTestcasw" time="5.268" errors="0" timestamp="2024-07-21T18:59:01 IST" skipped="0">
  <testcase classname="MobileApplication.mobile.IoSMobileTestcasw" name="launchiOSApp" time="5.268"/>
  <system-out/>
</testsuite> <!-- MobileApplication.mobile.IoSMobileTestcasw -->
