<?xml version="1.0" encoding="UTF-8"?>
<!-- Generated by org.testng.reporters.JUnitReportReporter -->
<testsuite hostname="Ayashas-MacBook-Air.local" failures="0" tests="1" name="MobileApplication.mobile.StoreProductTestcase" time="29.960" errors="0" timestamp="2024-07-12T23:11:17 IST" skipped="0">
  <testcase classname="MobileApplication.mobile.StoreProductTestcase" name="fillForm" time="29.960"/>
  <system-out/>
</testsuite> <!-- MobileApplication.mobile.StoreProductTestcase -->
